SEND --- uid = '[10]   name ='[null]   path ='[/IOT]   time ='[null]   id =[0]   content ='[q]
RECV --- uid = '[10]   name ='[null]   path ='[/IOT]   time ='[null]   id =[0]   mac ='[null]   content ='[q]
SEND --- uid = '[10]   name ='[null]   path ='[/IOT]   time ='[null]   id =[0]   content ='[222222]
RECV --- uid = '[10]   name ='[null]   path ='[/IOT]   time ='[null]   id =[0]   mac ='[null]   content ='[222222]
SEND --- uid = '[10]   name ='[null]   path ='[/IOT]   time ='[null]   id =[0]   content ='[lalala]
RECV --- uid = '[10]   name ='[null]   path ='[/IOT]   time ='[null]   id =[0]   mac ='[null]   content ='[lalala]
SEND --- uid = '[10]   name ='[null]   path ='[/deng]   time ='[null]   id =[0]   content ='[lalala]
RECV --- uid = '[10]   name ='[null]   path ='[/deng]   time ='[null]   id =[0]   mac ='[null]   content ='[lalala]
SEND --- uid = '[null]   name ='[null]   path ='[/3079674]   time ='[null]   id =[0]   content ='[?]
RECV --- uid = '[null]   name ='[null]   path ='[/3079674]   time ='[null]   id =[0]   mac ='[null]   content ='[?]
SEND --- uid = '[10]   name ='[null]   path ='[/3079674]   time ='[null]   id =[0]   content ='[???]
RECV --- uid = '[10]   name ='[null]   path ='[/3079674]   time ='[null]   id =[0]   mac ='[null]   content ='[???]
SEND --- uid = '[null]   name ='[null]   path ='[/3079674]   time ='[null]   id =[0]   content ='[?]
RECV --- uid = '[null]   name ='[null]   path ='[/3079674]   time ='[null]   id =[0]   mac ='[null]   content ='[?]
SEND --- uid = '[10]   name ='[null]   path ='[/3079674]   time ='[null]   id =[0]   content ='[我是大灰狼]
RECV --- uid = '[10]   name ='[null]   path ='[/3079674]   time ='[null]   id =[0]   mac ='[null]   content ='[我是大灰狼]
SEND --- uid = '[null]   name ='[null]   path ='[/3079674]   time ='[null]   id =[0]   content ='[我是小白兔]
RECV --- uid = '[null]   name ='[null]   path ='[/3079674]   time ='[null]   id =[0]   mac ='[null]   content ='[我是小白兔]
SEND --- uid = '[10]   name ='[null]   path ='[/3079674]   time ='[null]   id =[0]   content ='[我是邓万航]
RECV --- uid = '[10]   name ='[null]   path ='[/3079674]   time ='[null]   id =[0]   mac ='[null]   content ='[我是邓万航]
SEND --- uid = '[null]   name ='[null]   path ='[/3079674]   time ='[null]   id =[0]   content ='[我是小白兔]
RECV --- uid = '[null]   name ='[null]   path ='[/3079674]   time ='[null]   id =[0]   mac ='[null]   content ='[我是小白兔]
SEND --- uid = '[10]   name ='[null]   path ='[/3079674]   time ='[null]   id =[0]   content ='[?]
RECV --- uid = '[10]   name ='[null]   path ='[/3079674]   time ='[null]   id =[0]   mac ='[null]   content ='[?]
SEND --- uid = '[null]   name ='[null]   path ='[/3079674]   time ='[null]   id =[0]   content ='[我是小白兔]
RECV --- uid = '[null]   name ='[null]   path ='[/3079674]   time ='[null]   id =[0]   mac ='[null]   content ='[我是小白兔]
